<?xml version="1.0" encoding="UTF-8"?>
<!-- Generated by org.testng.reporters.JUnitXMLReporter -->
<testsuite hostname="DESKTOP-8G3MUB9" ignored="0" name="Iteration4" tests="5" failures="2" timestamp="2021-05-16T06:01:03 IST" time="51.248" errors="0">
  <testcase name="launch" time="3.924" classname="Tests.Tests2"/>
  <testcase name="isBlankFields" time="0.0" classname="Tests.Tests2">
    <failure type="org.testng.TestNGException" message="
Parameter &amp;apos;fn1&amp;apos; is required by @Test on method isBlankFields but has not been marked @Optional or defined
in F:\batch 251\selenium_framworks\Frameworks\org.Banking.TDD\loginPage.xml">
      <![CDATA[org.testng.TestNGException: 
Parameter 'fn1' is required by @Test on method isBlankFields but has not been marked @Optional or defined
in F:\batch 251\selenium_framworks\Frameworks\org.Banking.TDD\loginPage.xml
at java.util.ArrayList.forEach(Unknown Source)
... Removed 26 stack frames]]>
    </failure>
  </testcase> <!-- isBlankFields -->
  <testcase name="addCustomer" time="0.0" classname="Tests.Tests2">
    <failure type="org.testng.TestNGException" message="
Parameter &amp;apos;f&amp;apos; is required by @Test on method addCustomer but has not been marked @Optional or defined
in F:\batch 251\selenium_framworks\Frameworks\org.Banking.TDD\loginPage.xml">
      <![CDATA[org.testng.TestNGException: 
Parameter 'f' is required by @Test on method addCustomer but has not been marked @Optional or defined
in F:\batch 251\selenium_framworks\Frameworks\org.Banking.TDD\loginPage.xml
at java.util.ArrayList.forEach(Unknown Source)
... Removed 26 stack frames]]>
    </failure>
  </testcase> <!-- addCustomer -->
  <testcase name="dropDrown" time="26.678" classname="Tests.Tests2"/>
  <testcase name="currenies" time="20.614" classname="Tests.Tests2"/>
</testsuite> <!-- Iteration4 -->
